<?xml version="1.0" encoding="UTF-8"?>
<!-- Generated by org.testng.reporters.JUnitReportReporter -->
<testsuite skipped="0" hostname="MacBook-Pro-Kirill.local" name="DataProviderTest" tests="2" failures="0" timestamp="16 Apr 2018 19:15:40 GMT" time="0.000" errors="0">
  <testcase name="verifySum" time="0.000" classname="DataProviderTest"/>
  <testcase name="verifySum" time="0.000" classname="DataProviderTest"/>
</testsuite> <!-- DataProviderTest -->
